[debug] [2020-07-25T08:09:38.784Z] ----------------------------------------------------------------------
[debug] [2020-07-25T08:09:38.806Z] Command:       C:\Program Files\nodejs\node.exe C:\Users\office\AppData\Roaming\npm\node_modules\firebase-tools\lib\bin\firebase.js deploy
[debug] [2020-07-25T08:09:38.807Z] CLI Version:   8.5.0
[debug] [2020-07-25T08:09:38.808Z] Platform:      win32
[debug] [2020-07-25T08:09:38.808Z] Node Version:  v10.16.0
[debug] [2020-07-25T08:09:38.982Z] Time:          Sat Jul 25 2020 11:09:38 GMT+0300 (East Africa Time)
[debug] [2020-07-25T08:09:38.982Z] ----------------------------------------------------------------------
[debug] [2020-07-25T08:09:38.982Z] 
[debug] [2020-07-25T08:09:39.064Z] > command requires scopes: ["email","openid","https://www.googleapis.com/auth/cloudplatformprojects.readonly","https://www.googleapis.com/auth/firebase","https://www.googleapis.com/auth/cloud-platform"]
[debug] [2020-07-25T08:09:39.065Z] > authorizing via signed-in user
[debug] [2020-07-25T08:09:39.066Z] [iam] checking project to-app-cp-1101c for permissions ["firebase.projects.get","firebasehosting.sites.update"]
[debug] [2020-07-25T08:09:39.075Z] >>> HTTP REQUEST POST https://cloudresourcemanager.googleapis.com/v1/projects/to-app-cp-1101c:testIamPermissions  
 {"permissions":["firebase.projects.get","firebasehosting.sites.update"]}
[debug] [2020-07-25T08:09:50.627Z] [iam] error while checking permissions, command may fail: FirebaseError: Server Error. getaddrinfo ENOTFOUND cloudresourcemanager.googleapis.com cloudresourcemanager.googleapis.com:443
[debug] [2020-07-25T08:09:50.632Z] >>> HTTP REQUEST GET https://firebase.googleapis.com/v1beta1/projects/to-app-cp-1101c  
 
[debug] [2020-07-25T08:10:01.831Z] Server Error. getaddrinfo ENOTFOUND firebase.googleapis.com firebase.googleapis.com:443
[debug] [2020-07-25T08:10:13.096Z] FirebaseError: Server Error. getaddrinfo ENOTFOUND firebase.googleapis.com firebase.googleapis.com:443
    at Request._callback (C:\Users\office\AppData\Roaming\npm\node_modules\firebase-tools\lib\api.js:32:31)
    at self.callback (C:\Users\office\AppData\Roaming\npm\node_modules\firebase-tools\node_modules\request\request.js:185:22)
    at Request.emit (events.js:198:13)
    at Request.EventEmitter.emit (domain.js:448:20)
    at Request.onRequestError (C:\Users\office\AppData\Roaming\npm\node_modules\firebase-tools\node_modules\request\request.js:877:8)
    at ClientRequest.emit (events.js:203:15)
    at ClientRequest.EventEmitter.emit (domain.js:448:20)
    at TLSSocket.socketErrorListener (_http_client.js:392:9)
    at TLSSocket.emit (events.js:198:13)
    at TLSSocket.EventEmitter.emit (domain.js:448:20)
    at emitErrorNT (internal/streams/destroy.js:91:8)
    at emitErrorAndCloseNT (internal/streams/destroy.js:59:3)
    at process._tickCallback (internal/process/next_tick.js:63:19)
[error] 
[error] Error: Failed to get Firebase project to-app-cp-1101c. Please make sure the project exists and your account has permission to access it.
[debug] [2020-07-25T08:10:46.583Z] ----------------------------------------------------------------------
[debug] [2020-07-25T08:10:46.589Z] Command:       C:\Program Files\nodejs\node.exe C:\Users\office\AppData\Roaming\npm\node_modules\firebase-tools\lib\bin\firebase.js deploy
[debug] [2020-07-25T08:10:46.590Z] CLI Version:   8.5.0
[debug] [2020-07-25T08:10:46.591Z] Platform:      win32
[debug] [2020-07-25T08:10:46.591Z] Node Version:  v10.16.0
[debug] [2020-07-25T08:10:46.593Z] Time:          Sat Jul 25 2020 11:10:46 GMT+0300 (East Africa Time)
[debug] [2020-07-25T08:10:46.593Z] ----------------------------------------------------------------------
[debug] [2020-07-25T08:10:46.593Z] 
[debug] [2020-07-25T08:10:46.624Z] > command requires scopes: ["email","openid","https://www.googleapis.com/auth/cloudplatformprojects.readonly","https://www.googleapis.com/auth/firebase","https://www.googleapis.com/auth/cloud-platform"]
[debug] [2020-07-25T08:10:46.625Z] > authorizing via signed-in user
[debug] [2020-07-25T08:10:46.626Z] [iam] checking project to-app-cp-1101c for permissions ["firebase.projects.get","firebasehosting.sites.update"]
[debug] [2020-07-25T08:10:46.635Z] >>> HTTP REQUEST POST https://cloudresourcemanager.googleapis.com/v1/projects/to-app-cp-1101c:testIamPermissions  
 {"permissions":["firebase.projects.get","firebasehosting.sites.update"]}
[debug] [2020-07-25T08:10:57.872Z] [iam] error while checking permissions, command may fail: FirebaseError: Server Error. getaddrinfo ENOTFOUND cloudresourcemanager.googleapis.com cloudresourcemanager.googleapis.com:443
[debug] [2020-07-25T08:10:57.878Z] >>> HTTP REQUEST GET https://firebase.googleapis.com/v1beta1/projects/to-app-cp-1101c  
 
[debug] [2020-07-25T08:11:09.090Z] Server Error. getaddrinfo ENOTFOUND firebase.googleapis.com firebase.googleapis.com:443
[debug] [2020-07-25T08:11:20.367Z] FirebaseError: Server Error. getaddrinfo ENOTFOUND firebase.googleapis.com firebase.googleapis.com:443
    at Request._callback (C:\Users\office\AppData\Roaming\npm\node_modules\firebase-tools\lib\api.js:32:31)
    at self.callback (C:\Users\office\AppData\Roaming\npm\node_modules\firebase-tools\node_modules\request\request.js:185:22)
    at Request.emit (events.js:198:13)
    at Request.EventEmitter.emit (domain.js:448:20)
    at Request.onRequestError (C:\Users\office\AppData\Roaming\npm\node_modules\firebase-tools\node_modules\request\request.js:877:8)
    at ClientRequest.emit (events.js:203:15)
    at ClientRequest.EventEmitter.emit (domain.js:448:20)
    at TLSSocket.socketErrorListener (_http_client.js:392:9)
    at TLSSocket.emit (events.js:198:13)
    at TLSSocket.EventEmitter.emit (domain.js:448:20)
    at emitErrorNT (internal/streams/destroy.js:91:8)
    at emitErrorAndCloseNT (internal/streams/destroy.js:59:3)
    at process._tickCallback (internal/process/next_tick.js:63:19)
[error] 
[error] Error: Failed to get Firebase project to-app-cp-1101c. Please make sure the project exists and your account has permission to access it.
[debug] [2020-07-25T08:14:09.285Z] ----------------------------------------------------------------------
[debug] [2020-07-25T08:14:09.292Z] Command:       C:\Program Files\nodejs\node.exe C:\Users\office\AppData\Roaming\npm\node_modules\firebase-tools\lib\bin\firebase.js deploy
[debug] [2020-07-25T08:14:09.294Z] CLI Version:   8.5.0
[debug] [2020-07-25T08:14:09.294Z] Platform:      win32
[debug] [2020-07-25T08:14:09.294Z] Node Version:  v10.16.0
[debug] [2020-07-25T08:14:09.297Z] Time:          Sat Jul 25 2020 11:14:09 GMT+0300 (East Africa Time)
[debug] [2020-07-25T08:14:09.297Z] ----------------------------------------------------------------------
[debug] [2020-07-25T08:14:09.298Z] 
[debug] [2020-07-25T08:14:09.327Z] > command requires scopes: ["email","openid","https://www.googleapis.com/auth/cloudplatformprojects.readonly","https://www.googleapis.com/auth/firebase","https://www.googleapis.com/auth/cloud-platform"]
[debug] [2020-07-25T08:14:09.328Z] > authorizing via signed-in user
[debug] [2020-07-25T08:14:09.329Z] [iam] checking project to-app-cp-1101c for permissions ["firebase.projects.get","firebasehosting.sites.update"]
[debug] [2020-07-25T08:14:09.341Z] >>> HTTP REQUEST POST https://cloudresourcemanager.googleapis.com/v1/projects/to-app-cp-1101c:testIamPermissions  
 {"permissions":["firebase.projects.get","firebasehosting.sites.update"]}
[debug] [2020-07-25T08:14:20.596Z] [iam] error while checking permissions, command may fail: FirebaseError: Server Error. getaddrinfo ENOTFOUND cloudresourcemanager.googleapis.com cloudresourcemanager.googleapis.com:443
[debug] [2020-07-25T08:14:20.600Z] >>> HTTP REQUEST GET https://firebase.googleapis.com/v1beta1/projects/to-app-cp-1101c  
 
[debug] [2020-07-25T08:14:31.805Z] Server Error. getaddrinfo ENOTFOUND firebase.googleapis.com firebase.googleapis.com:443
[debug] [2020-07-25T08:14:43.022Z] FirebaseError: Server Error. getaddrinfo ENOTFOUND firebase.googleapis.com firebase.googleapis.com:443
    at Request._callback (C:\Users\office\AppData\Roaming\npm\node_modules\firebase-tools\lib\api.js:32:31)
    at self.callback (C:\Users\office\AppData\Roaming\npm\node_modules\firebase-tools\node_modules\request\request.js:185:22)
    at Request.emit (events.js:198:13)
    at Request.EventEmitter.emit (domain.js:448:20)
    at Request.onRequestError (C:\Users\office\AppData\Roaming\npm\node_modules\firebase-tools\node_modules\request\request.js:877:8)
    at ClientRequest.emit (events.js:203:15)
    at ClientRequest.EventEmitter.emit (domain.js:448:20)
    at TLSSocket.socketErrorListener (_http_client.js:392:9)
    at TLSSocket.emit (events.js:198:13)
    at TLSSocket.EventEmitter.emit (domain.js:448:20)
    at emitErrorNT (internal/streams/destroy.js:91:8)
    at emitErrorAndCloseNT (internal/streams/destroy.js:59:3)
    at process._tickCallback (internal/process/next_tick.js:63:19)
[error] 
[error] Error: Failed to get Firebase project to-app-cp-1101c. Please make sure the project exists and your account has permission to access it.
[debug] [2020-07-25T08:16:46.082Z] ----------------------------------------------------------------------
[debug] [2020-07-25T08:16:46.091Z] Command:       C:\Program Files\nodejs\node.exe C:\Users\office\AppData\Roaming\npm\node_modules\firebase-tools\lib\bin\firebase.js deploy
[debug] [2020-07-25T08:16:46.095Z] CLI Version:   8.5.0
[debug] [2020-07-25T08:16:46.096Z] Platform:      win32
[debug] [2020-07-25T08:16:46.096Z] Node Version:  v10.16.0
[debug] [2020-07-25T08:16:46.100Z] Time:          Sat Jul 25 2020 11:16:46 GMT+0300 (East Africa Time)
[debug] [2020-07-25T08:16:46.100Z] ----------------------------------------------------------------------
[debug] [2020-07-25T08:16:46.100Z] 
[debug] [2020-07-25T08:16:46.131Z] > command requires scopes: ["email","openid","https://www.googleapis.com/auth/cloudplatformprojects.readonly","https://www.googleapis.com/auth/firebase","https://www.googleapis.com/auth/cloud-platform"]
[debug] [2020-07-25T08:16:46.132Z] > authorizing via signed-in user
[debug] [2020-07-25T08:16:46.133Z] [iam] checking project to-app-cp-1101c for permissions ["firebase.projects.get","firebasehosting.sites.update"]
[debug] [2020-07-25T08:16:46.144Z] >>> HTTP REQUEST POST https://cloudresourcemanager.googleapis.com/v1/projects/to-app-cp-1101c:testIamPermissions  
 {"permissions":["firebase.projects.get","firebasehosting.sites.update"]}
[debug] [2020-07-25T08:17:00.718Z] <<< HTTP RESPONSE 200 {"content-type":"application/json; charset=UTF-8","vary":"X-Origin, Referer, Origin,Accept-Encoding","date":"Sat, 25 Jul 2020 08:17:01 GMT","server":"ESF","cache-control":"private","x-xss-protection":"0","x-frame-options":"SAMEORIGIN","x-content-type-options":"nosniff","server-timing":"gfet4t7; dur=691","alt-svc":"h3-29=\":443\"; ma=2592000,h3-27=\":443\"; ma=2592000,h3-T050=\":443\"; ma=2592000,h3-Q050=\":443\"; ma=2592000,h3-Q046=\":443\"; ma=2592000,h3-Q043=\":443\"; ma=2592000,quic=\":443\"; ma=2592000; v=\"46,43\"","accept-ranges":"none","transfer-encoding":"chunked"}
[debug] [2020-07-25T08:17:00.725Z] >>> HTTP REQUEST GET https://firebase.googleapis.com/v1beta1/projects/to-app-cp-1101c  
 
[debug] [2020-07-25T08:17:11.925Z] Server Error. getaddrinfo ENOTFOUND firebase.googleapis.com firebase.googleapis.com:443
[debug] [2020-07-25T08:17:23.129Z] FirebaseError: Server Error. getaddrinfo ENOTFOUND firebase.googleapis.com firebase.googleapis.com:443
    at Request._callback (C:\Users\office\AppData\Roaming\npm\node_modules\firebase-tools\lib\api.js:32:31)
    at self.callback (C:\Users\office\AppData\Roaming\npm\node_modules\firebase-tools\node_modules\request\request.js:185:22)
    at Request.emit (events.js:198:13)
    at Request.EventEmitter.emit (domain.js:448:20)
    at Request.onRequestError (C:\Users\office\AppData\Roaming\npm\node_modules\firebase-tools\node_modules\request\request.js:877:8)
    at ClientRequest.emit (events.js:203:15)
    at ClientRequest.EventEmitter.emit (domain.js:448:20)
    at TLSSocket.socketErrorListener (_http_client.js:392:9)
    at TLSSocket.emit (events.js:198:13)
    at TLSSocket.EventEmitter.emit (domain.js:448:20)
    at emitErrorNT (internal/streams/destroy.js:91:8)
    at emitErrorAndCloseNT (internal/streams/destroy.js:59:3)
    at process._tickCallback (internal/process/next_tick.js:63:19)
[error] 
[error] Error: Failed to get Firebase project to-app-cp-1101c. Please make sure the project exists and your account has permission to access it.
